** Message: 18:38:46.625: libsession.vala:45: DESKTOP_AUTOSTART_ID not set, session registration may be broken (not running budgie-desktop?)
** Message: 18:50:29.676: manager.vala:1433: Replaced existing budgie-panel
** Message: 18:50:29.850: libsession.vala:45: DESKTOP_AUTOSTART_ID not set, session registration may be broken (not running budgie-desktop?)
localuser:root being added to access control list
 *** initializing (w/o specified bootloader type)…
   * reading partition info…
   * Loading Framebuffer resolutions (background process)
   * Finding out if this is a live CD
 *** initializing (w/ specified bootloader type)…
   * Checking if the config directory is clean
 *** loading configuration
 *** loading - preserveConfig: no
   * unsetting saved config
 *** loading settings
 *** loading grub list
   * loading scripts…
   * loading proxies…
   * cleaning up proxy configuration…
   * creating proxifiedScript links & chmodding other files…
   * running grub-mkconfig
   * restoring grub configuration
   * removing invalid proxies from list
   * loading completed
 *** grub list completely loaded
 *** loading saved grub list
     theme poly-light not found!
localuser:root being removed from access control list

(budgie-panel:19666): Gtk-WARNING **: 22:15:30.982: Could not load a pixbuf from icon theme.
This may indicate that pixbuf loaders or the mime database could not be found.
Inadequate access permissions:  "/var/tmp/systemd-private-353d76e4fade466abfe55c5aee705f7f-colord.service-ps4qqr/"
Inadequate access permissions:  "/var/tmp/systemd-private-353d76e4fade466abfe55c5aee705f7f-systemd-resolved.service-2y7AAR/"
Inadequate access permissions:  "/var/tmp/systemd-private-353d76e4fade466abfe55c5aee705f7f-upower.service-tf5nmf/"
Inadequate access permissions:  "/var/tmp/systemd-private-353d76e4fade466abfe55c5aee705f7f-ModemManager.service-67K2Ml/"
Inadequate access permissions:  "/var/tmp/systemd-private-353d76e4fade466abfe55c5aee705f7f-systemd-logind.service-elFGpw/"
Inadequate access permissions:  "/var/lib/lightdm-data/"
Inadequate access permissions:  "/var/lib/gssproxy/rcache/"
Inadequate access permissions:  "/var/lib/docker/"
Inadequate access permissions:  "/var/lib/containerd/"
Inadequate access permissions:  "/var/lib/lightdm/"
Inadequate access permissions:  "/var/lib/NetworkManager/"
Inadequate access permissions:  "/var/lib/gdm/"
Inadequate access permissions:  "/var/lib/rpcbind/"
Inadequate access permissions:  "/var/lib/AccountsService/users/"
Inadequate access permissions:  "/var/lib/anbox/containers/default/"
Inadequate access permissions:  "/var/lib/anbox/data/dalvik-cache/"
Inadequate access permissions:  "/var/lib/anbox/data/adb/"
Inadequate access permissions:  "/var/lib/anbox/data/drm/"
Inadequate access permissions:  "/var/lib/anbox/data/property/"
Inadequate access permissions:  "/var/lib/anbox/data/mediadrm/"
Inadequate access permissions:  "/var/lib/anbox/data/local/"
Inadequate access permissions:  "/var/lib/anbox/data/ota/"
Inadequate access permissions:  "/var/lib/anbox/data/media/"
Inadequate access permissions:  "/var/lib/anbox/data/user_de/0/com.android.vending/"
Inadequate access permissions:  "/var/lib/anbox/data/user_de/0/com.google.android.gsf.login/"
Inadequate access permissions:  "/var/lib/anbox/data/user_de/0/com.android.phone/"
Inadequate access permissions:  "/var/lib/anbox/data/user_de/0/com.android.mtp/"
Inadequate access permissions:  "/var/lib/anbox/data/user_de/0/android.ext.services/"
Inadequate access permissions:  "/var/lib/anbox/data/user_de/0/com.android.providers.calendar/"
Inadequate access permissions:  "/var/lib/anbox/data/user_de/0/com.android.proxyhandler/"
Inadequate access permissions:  "/var/lib/anbox/data/user_de/0/com.android.egg/"
Inadequate access permissions:  "/var/lib/anbox/data/user_de/0/com.android.bookmarkprovider/"
Inadequate access permissions:  "/var/lib/anbox/data/user_de/0/android.ext.shared/"
Inadequate access permissions:  "/var/lib/anbox/data/user_de/0/com.android.certinstaller/"
Inadequate access permissions:  "/var/lib/anbox/data/user_de/0/com.android.calculator2/"
Inadequate access permissions:  "/var/lib/anbox/data/user_de/0/com.android.smspush/"
Inadequate access permissions:  "/var/lib/anbox/data/user_de/0/com.android.packageinstaller/"
Inadequate access permissions:  "/var/lib/anbox/data/user_de/0/com.android.contacts/"
Inadequate access permissions:  "/var/lib/anbox/data/user_de/0/com.android.camera2/"
Inadequate access permissions:  "/var/lib/anbox/data/user_de/0/com.topjohnwu.magisk/"
Inadequate access permissions:  "/var/lib/anbox/data/user_de/0/com.android.vpndialogs/"
Inadequate access permissions:  "/var/lib/anbox/data/user_de/0/com.android.cts.ctsshim/"
Inadequate access permissions:  "/var/lib/anbox/data/user_de/0/org.chromium.webview_shell/"
Inadequate access permissions:  "/var/lib/anbox/data/user_de/0/com.android.sharedstoragebackup/"
Inadequate access permissions:  "/var/lib/anbox/data/user_de/0/com.android.mms.service/"
Inadequate access permissions:  "/var/lib/anbox/data/user_de/0/com.android.wallpaper.livepicker/"
Inadequate access permissions:  "/var/lib/anbox/data/user_de/0/com.android.dreams.basic/"
Inadequate access permissions:  "/var/lib/anbox/data/user_de/0/de.robv.android.xposed.installer/"
Inadequate access permissions:  "/var/lib/anbox/data/user_de/0/com.android.providers.userdictionary/"
Inadequate access permissions:  "/var/lib/anbox/data/user_de/0/com.android.externalstorage/"
Inadequate access permissions:  "/var/lib/anbox/data/user_de/0/com.android.calendar/"
Inadequate access permissions:  "/var/lib/anbox/data/user_de/0/com.android.backupconfirm/"
Inadequate access permissions:  "/var/lib/anbox/data/user_de/0/com.android.bluetooth/"
Inadequate access permissions:  "/var/lib/anbox/data/user_de/0/com.android.systemui/"
Inadequate access permissions:  "/var/lib/anbox/data/user_de/0/com.android.wallpapercropper/"
Inadequate access permissions:  "/var/lib/anbox/data/user_de/0/com.android.providers.blockednumber/"
Inadequate access permissions:  "/var/lib/anbox/data/user_de/0/com.android.managedprovisioning/"
Inadequate access permissions:  "/var/lib/anbox/data/user_de/0/com.android.providers.contacts/"
Inadequate access permissions:  "/var/lib/anbox/data/user_de/0/com.android.provision/"
Inadequate access permissions:  "/var/lib/anbox/data/user_de/0/com.svox.pico/"
Inadequate access permissions:  "/var/lib/anbox/data/user_de/0/com.android.documentsui/"
Inadequate access permissions:  "/var/lib/anbox/data/user_de/0/jp.co.omronsoft.openwnn/"
Inadequate access permissions:  "/var/lib/anbox/data/user_de/0/com.android.onetimeinitializer/"
Inadequate access permissions:  "/var/lib/anbox/data/user_de/0/com.android.gallery3d/"
Inadequate access permissions:  "/var/lib/anbox/data/user_de/0/com.android.providers.media/"
Inadequate access permissions:  "/var/lib/anbox/data/user_de/0/com.google.android.gsf/"
Inadequate access permissions:  "/var/lib/anbox/data/user_de/0/com.android.dreams.phototable/"
Inadequate access permissions:  "/var/lib/anbox/data/user_de/0/org.anbox.appmgr/"
Inadequate access permissions:  "/var/lib/anbox/data/user_de/0/com.android.printspooler/"
Inadequate access permissions:  "/var/lib/anbox/data/user_de/0/com.android.providers.downloads/"
Inadequate access permissions:  "/var/lib/anbox/data/user_de/0/com.android.webview/"
Inadequate access permissions:  "/var/lib/anbox/data/user_de/0/com.android.cts.priv.ctsshim/"
Inadequate access permissions:  "/var/lib/anbox/data/user_de/0/com.android.captiveportallogin/"
Inadequate access permissions:  "/var/lib/anbox/data/user_de/0/com.android.pacprocessor/"
Inadequate access permissions:  "/var/lib/anbox/data/user_de/0/com.google.android.gms/"
Inadequate access permissions:  "/var/lib/anbox/data/user_de/0/com.android.bluetoothmidiservice/"
Inadequate access permissions:  "/var/lib/anbox/data/user_de/0/com.android.statementservice/"
Inadequate access permissions:  "/var/lib/anbox/data/user_de/0/com.android.printservice.recommendation/"
Inadequate access permissions:  "/var/lib/anbox/data/user_de/0/com.android.providers.telephony/"
Inadequate access permissions:  "/var/lib/anbox/data/user_de/0/com.android.storagemanager/"
Inadequate access permissions:  "/var/lib/anbox/data/user_de/0/com.android.deskclock/"
Inadequate access permissions:  "/var/lib/anbox/data/user_de/0/com.android.shell/"
Inadequate access permissions:  "/var/lib/anbox/data/user_de/0/com.android.music/"
Inadequate access permissions:  "/var/lib/anbox/data/user_de/0/com.android.musicfx/"
Inadequate access permissions:  "/var/lib/anbox/data/user_de/0/com.android.htmlviewer/"
Inadequate access permissions:  "/var/lib/anbox/data/user_de/0/com.android.email/"
Inadequate access permissions:  "/var/lib/anbox/data/user_de/0/com.primatelabs.geekbench5/"
Inadequate access permissions:  "/var/lib/anbox/data/user_de/0/com.android.providers.downloads.ui/"
Inadequate access permissions:  "/var/lib/anbox/data/user_de/0/com.android.defcontainer/"
Inadequate access permissions:  "/var/lib/anbox/data/lost+found/"
Inadequate access permissions:  "/var/lib/anbox/data/data/com.android.vending/"
Inadequate access permissions:  "/var/lib/anbox/data/data/com.google.android.gsf.login/"
Inadequate access permissions:  "/var/lib/anbox/data/data/com.android.phone/"
Inadequate access permissions:  "/var/lib/anbox/data/data/com.android.mtp/"
Inadequate access permissions:  "/var/lib/anbox/data/data/android.ext.services/"
Inadequate access permissions:  "/var/lib/anbox/data/data/com.android.providers.calendar/"
Inadequate access permissions:  "/var/lib/anbox/data/data/com.android.proxyhandler/"
Inadequate access permissions:  "/var/lib/anbox/data/data/com.android.egg/"
Inadequate access permissions:  "/var/lib/anbox/data/data/com.android.bookmarkprovider/"
Inadequate access permissions:  "/var/lib/anbox/data/data/android.ext.shared/"
Inadequate access permissions:  "/var/lib/anbox/data/data/com.android.certinstaller/"
Inadequate access permissions:  "/var/lib/anbox/data/data/com.android.calculator2/"
Inadequate access permissions:  "/var/lib/anbox/data/data/com.android.smspush/"
Inadequate access permissions:  "/var/lib/anbox/data/data/com.android.packageinstaller/"
Inadequate access permissions:  "/var/lib/anbox/data/data/com.android.contacts/"
Inadequate access permissions:  "/var/lib/anbox/data/data/com.android.camera2/"
Inadequate access permissions:  "/var/lib/anbox/data/data/com.topjohnwu.magisk/"
Inadequate access permissions:  "/var/lib/anbox/data/data/com.android.vpndialogs/"
Inadequate access permissions:  "/var/lib/anbox/data/data/com.android.cts.ctsshim/"
Inadequate access permissions:  "/var/lib/anbox/data/data/org.chromium.webview_shell/"
Inadequate access permissions:  "/var/lib/anbox/data/data/com.android.sharedstoragebackup/"
Inadequate access permissions:  "/var/lib/anbox/data/data/com.android.mms.service/"
Inadequate access permissions:  "/var/lib/anbox/data/data/com.android.wallpaper.livepicker/"
Inadequate access permissions:  "/var/lib/anbox/data/data/com.android.dreams.basic/"
Inadequate access permissions:  "/var/lib/anbox/data/data/de.robv.android.xposed.installer/"
Inadequate access permissions:  "/var/lib/anbox/data/data/com.android.providers.userdictionary/"
Inadequate access permissions:  "/var/lib/anbox/data/data/com.android.externalstorage/"
Inadequate access permissions:  "/var/lib/anbox/data/data/com.android.calendar/"
Inadequate access permissions:  "/var/lib/anbox/data/data/com.android.backupconfirm/"
Inadequate access permissions:  "/var/lib/anbox/data/data/com.android.bluetooth/"
Inadequate access permissions:  "/var/lib/anbox/data/data/com.android.systemui/"
Inadequate access permissions:  "/var/lib/anbox/data/data/com.android.wallpapercropper/"
Inadequate access permissions:  "/var/lib/anbox/data/data/com.android.providers.blockednumber/"
Inadequate access permissions:  "/var/lib/anbox/data/data/com.android.managedprovisioning/"
Inadequate access permissions:  "/var/lib/anbox/data/data/com.android.providers.contacts/"
Inadequate access permissions:  "/var/lib/anbox/data/data/com.android.provision/"
Inadequate access permissions:  "/var/lib/anbox/data/data/com.svox.pico/"
Inadequate access permissions:  "/var/lib/anbox/data/data/com.android.documentsui/"
Inadequate access permissions:  "/var/lib/anbox/data/data/jp.co.omronsoft.openwnn/"
Inadequate access permissions:  "/var/lib/anbox/data/data/com.android.onetimeinitializer/"
Inadequate access permissions:  "/var/lib/anbox/data/data/com.android.gallery3d/"
Inadequate access permissions:  "/var/lib/anbox/data/data/com.android.providers.media/"
Inadequate access permissions:  "/var/lib/anbox/data/data/com.google.android.gsf/"
Inadequate access permissions:  "/var/lib/anbox/data/data/com.android.dreams.phototable/"
Inadequate access permissions:  "/var/lib/anbox/data/data/org.anbox.appmgr/"
Inadequate access permissions:  "/var/lib/anbox/data/data/com.android.printspooler/"
Inadequate access permissions:  "/var/lib/anbox/data/data/com.android.providers.downloads/"
Inadequate access permissions:  "/var/lib/anbox/data/data/com.android.webview/"
Inadequate access permissions:  "/var/lib/anbox/data/data/com.android.cts.priv.ctsshim/"
Inadequate access permissions:  "/var/lib/anbox/data/data/com.android.captiveportallogin/"
Inadequate access permissions:  "/var/lib/anbox/data/data/com.android.pacprocessor/"
Inadequate access permissions:  "/var/lib/anbox/data/data/com.google.android.gms/"
Inadequate access permissions:  "/var/lib/anbox/data/data/com.android.bluetoothmidiservice/"
Inadequate access permissions:  "/var/lib/anbox/data/data/com.android.statementservice/"
Inadequate access permissions:  "/var/lib/anbox/data/data/com.android.printservice.recommendation/"
Inadequate access permissions:  "/var/lib/anbox/data/data/com.android.providers.telephony/"
Inadequate access permissions:  "/var/lib/anbox/data/data/com.android.storagemanager/"
Inadequate access permissions:  "/var/lib/anbox/data/data/com.android.deskclock/"
Inadequate access permissions:  "/var/lib/anbox/data/data/com.android.shell/"
Inadequate access permissions:  "/var/lib/anbox/data/data/com.android.music/"
Inadequate access permissions:  "/var/lib/anbox/data/data/com.android.musicfx/"
Inadequate access permissions:  "/var/lib/anbox/data/data/com.android.htmlviewer/"
Inadequate access permissions:  "/var/lib/anbox/data/data/com.android.email/"
Inadequate access permissions:  "/var/lib/anbox/data/data/com.primatelabs.geekbench5/"
Inadequate access permissions:  "/var/lib/anbox/data/data/com.android.providers.downloads.ui/"
Inadequate access permissions:  "/var/lib/anbox/data/data/com.android.defcontainer/"
Inadequate access permissions:  "/var/lib/anbox/data/app-asec/"
Inadequate access permissions:  "/var/lib/anbox/data/misc/trace/"
Inadequate access permissions:  "/var/lib/anbox/data/misc/user/"
Inadequate access permissions:  "/var/lib/anbox/data/misc/vold/"
Inadequate access permissions:  "/var/lib/anbox/data/misc/keystore/"
Inadequate access permissions:  "/var/lib/anbox/data/misc/bootstat/"
Inadequate access permissions:  "/var/lib/anbox/data/misc/cameraserver/"
Inadequate access permissions:  "/var/lib/anbox/data/misc/profiles/cur/0/com.android.vending/"
Inadequate access permissions:  "/var/lib/anbox/data/misc/profiles/cur/0/com.google.android.gsf.login/"
Inadequate access permissions:  "/var/lib/anbox/data/misc/profiles/cur/0/com.android.phone/"
Inadequate access permissions:  "/var/lib/anbox/data/misc/profiles/cur/0/com.android.mtp/"
Inadequate access permissions:  "/var/lib/anbox/data/misc/profiles/cur/0/android.ext.services/"
Inadequate access permissions:  "/var/lib/anbox/data/misc/profiles/cur/0/com.android.providers.calendar/"
Inadequate access permissions:  "/var/lib/anbox/data/misc/profiles/cur/0/com.android.proxyhandler/"
Inadequate access permissions:  "/var/lib/anbox/data/misc/profiles/cur/0/com.android.egg/"
Inadequate access permissions:  "/var/lib/anbox/data/misc/profiles/cur/0/com.android.bookmarkprovider/"
Inadequate access permissions:  "/var/lib/anbox/data/misc/profiles/cur/0/android.ext.shared/"
Inadequate access permissions:  "/var/lib/anbox/data/misc/profiles/cur/0/com.android.certinstaller/"
Inadequate access permissions:  "/var/lib/anbox/data/misc/profiles/cur/0/com.android.calculator2/"
Inadequate access permissions:  "/var/lib/anbox/data/misc/profiles/cur/0/com.android.smspush/"
Inadequate access permissions:  "/var/lib/anbox/data/misc/profiles/cur/0/com.android.packageinstaller/"
Inadequate access permissions:  "/var/lib/anbox/data/misc/profiles/cur/0/com.android.contacts/"
Inadequate access permissions:  "/var/lib/anbox/data/misc/profiles/cur/0/com.android.camera2/"
Inadequate access permissions:  "/var/lib/anbox/data/misc/profiles/cur/0/com.topjohnwu.magisk/"
Inadequate access permissions:  "/var/lib/anbox/data/misc/profiles/cur/0/com.android.vpndialogs/"
Inadequate access permissions:  "/var/lib/anbox/data/misc/profiles/cur/0/com.android.cts.ctsshim/"
Inadequate access permissions:  "/var/lib/anbox/data/misc/profiles/cur/0/org.chromium.webview_shell/"
Inadequate access permissions:  "/var/lib/anbox/data/misc/profiles/cur/0/com.android.sharedstoragebackup/"
Inadequate access permissions:  "/var/lib/anbox/data/misc/profiles/cur/0/com.android.mms.service/"
Inadequate access permissions:  "/var/lib/anbox/data/misc/profiles/cur/0/com.android.wallpaper.livepicker/"
Inadequate access permissions:  "/var/lib/anbox/data/misc/profiles/cur/0/com.android.dreams.basic/"
Inadequate access permissions:  "/var/lib/anbox/data/misc/profiles/cur/0/de.robv.android.xposed.installer/"
Inadequate access permissions:  "/var/lib/anbox/data/misc/profiles/cur/0/com.android.providers.userdictionary/"
Inadequate access permissions:  "/var/lib/anbox/data/misc/profiles/cur/0/com.android.externalstorage/"
Inadequate access permissions:  "/var/lib/anbox/data/misc/profiles/cur/0/com.android.calendar/"
Inadequate access permissions:  "/var/lib/anbox/data/misc/profiles/cur/0/com.android.backupconfirm/"
Inadequate access permissions:  "/var/lib/anbox/data/misc/profiles/cur/0/com.android.bluetooth/"
Inadequate access permissions:  "/var/lib/anbox/data/misc/profiles/cur/0/com.android.systemui/"
Inadequate access permissions:  "/var/lib/anbox/data/misc/profiles/cur/0/com.android.wallpapercropper/"
Inadequate access permissions:  "/var/lib/anbox/data/misc/profiles/cur/0/com.android.providers.blockednumber/"
Inadequate access permissions:  "/var/lib/anbox/data/misc/profiles/cur/0/com.android.managedprovisioning/"
Inadequate access permissions:  "/var/lib/anbox/data/misc/profiles/cur/0/com.android.providers.contacts/"
Inadequate access permissions:  "/var/lib/anbox/data/misc/profiles/cur/0/com.android.provision/"
Inadequate access permissions:  "/var/lib/anbox/data/misc/profiles/cur/0/com.svox.pico/"
Inadequate access permissions:  "/var/lib/anbox/data/misc/profiles/cur/0/com.android.documentsui/"
Inadequate access permissions:  "/var/lib/anbox/data/misc/profiles/cur/0/jp.co.omronsoft.openwnn/"
Inadequate access permissions:  "/var/lib/anbox/data/misc/profiles/cur/0/com.android.onetimeinitializer/"
Inadequate access permissions:  "/var/lib/anbox/data/misc/profiles/cur/0/com.android.gallery3d/"
Inadequate access permissions:  "/var/lib/anbox/data/misc/profiles/cur/0/com.android.providers.media/"
Inadequate access permissions:  "/var/lib/anbox/data/misc/profiles/cur/0/com.google.android.gsf/"
Inadequate access permissions:  "/var/lib/anbox/data/misc/profiles/cur/0/com.android.dreams.phototable/"
Inadequate access permissions:  "/var/lib/anbox/data/misc/profiles/cur/0/org.anbox.appmgr/"
Inadequate access permissions:  "/var/lib/anbox/data/misc/profiles/cur/0/com.android.printspooler/"
Inadequate access permissions:  "/var/lib/anbox/data/misc/profiles/cur/0/com.android.providers.downloads/"
Inadequate access permissions:  "/var/lib/anbox/data/misc/profiles/cur/0/com.android.webview/"
Inadequate access permissions:  "/var/lib/anbox/data/misc/profiles/cur/0/com.android.cts.priv.ctsshim/"
Inadequate access permissions:  "/var/lib/anbox/data/misc/profiles/cur/0/com.android.captiveportallogin/"
Inadequate access permissions:  "/var/lib/anbox/data/misc/profiles/cur/0/com.android.pacprocessor/"
Inadequate access permissions:  "/var/lib/anbox/data/misc/profiles/cur/0/com.google.android.gms/"
Inadequate access permissions:  "/var/lib/anbox/data/misc/profiles/cur/0/com.android.bluetoothmidiservice/"
Inadequate access permissions:  "/var/lib/anbox/data/misc/profiles/cur/0/com.android.statementservice/"
Inadequate access permissions:  "/var/lib/anbox/data/misc/profiles/cur/0/com.android.printservice.recommendation/"
Inadequate access permissions:  "/var/lib/anbox/data/misc/profiles/cur/0/com.android.providers.telephony/"
Inadequate access permissions:  "/var/lib/anbox/data/misc/profiles/cur/0/com.android.storagemanager/"
Inadequate access permissions:  "/var/lib/anbox/data/misc/profiles/cur/0/com.android.deskclock/"
Inadequate access permissions:  "/var/lib/anbox/data/misc/profiles/cur/0/com.android.shell/"
Inadequate access permissions:  "/var/lib/anbox/data/misc/profiles/cur/0/com.android.music/"
Inadequate access permissions:  "/var/lib/anbox/data/misc/profiles/cur/0/com.android.musicfx/"
Inadequate access permissions:  "/var/lib/anbox/data/misc/profiles/cur/0/com.android.htmlviewer/"
Inadequate access permissions:  "/var/lib/anbox/data/misc/profiles/cur/0/com.android.email/"
Inadequate access permissions:  "/var/lib/anbox/data/misc/profiles/cur/0/com.primatelabs.geekbench5/"
Inadequate access permissions:  "/var/lib/anbox/data/misc/profiles/cur/0/com.android.providers.downloads.ui/"
Inadequate access permissions:  "/var/lib/anbox/data/misc/profiles/cur/0/com.android.defcontainer/"
Inadequate access permissions:  "/var/lib/anbox/data/misc/profiles/ref/com.android.vending/"
Inadequate access permissions:  "/var/lib/anbox/data/misc/profiles/ref/com.google.android.gsf.login/"
Inadequate access permissions:  "/var/lib/anbox/data/misc/profiles/ref/com.android.phone/"
Inadequate access permissions:  "/var/lib/anbox/data/misc/profiles/ref/com.android.mtp/"
Inadequate access permissions:  "/var/lib/anbox/data/misc/profiles/ref/android.ext.services/"
Inadequate access permissions:  "/var/lib/anbox/data/misc/profiles/ref/com.android.providers.calendar/"
Inadequate access permissions:  "/var/lib/anbox/data/misc/profiles/ref/com.android.proxyhandler/"
Inadequate access permissions:  "/var/lib/anbox/data/misc/profiles/ref/com.android.egg/"
Inadequate access permissions:  "/var/lib/anbox/data/misc/profiles/ref/com.android.settings/"
Inadequate access permissions:  "/var/lib/anbox/data/misc/profiles/ref/com.android.bookmarkprovider/"
Inadequate access permissions:  "/var/lib/anbox/data/misc/profiles/ref/android.ext.shared/"
Inadequate access permissions:  "/var/lib/anbox/data/misc/profiles/ref/com.android.certinstaller/"
Inadequate access permissions:  "/var/lib/anbox/data/misc/profiles/ref/com.android.calculator2/"
Inadequate access permissions:  "/var/lib/anbox/data/misc/profiles/ref/com.android.location.fused/"
Inadequate access permissions:  "/var/lib/anbox/data/misc/profiles/ref/android/"
Inadequate access permissions:  "/var/lib/anbox/data/misc/profiles/ref/com.android.smspush/"
Inadequate access permissions:  "/var/lib/anbox/data/misc/profiles/ref/com.android.packageinstaller/"
Inadequate access permissions:  "/var/lib/anbox/data/misc/profiles/ref/com.android.inputdevices/"
Inadequate access permissions:  "/var/lib/anbox/data/misc/profiles/ref/com.android.contacts/"
Inadequate access permissions:  "/var/lib/anbox/data/misc/profiles/ref/com.android.camera2/"
Inadequate access permissions:  "/var/lib/anbox/data/misc/profiles/ref/com.topjohnwu.magisk/"
Inadequate access permissions:  "/var/lib/anbox/data/misc/profiles/ref/com.android.vpndialogs/"
Inadequate access permissions:  "/var/lib/anbox/data/misc/profiles/ref/com.android.cts.ctsshim/"
Inadequate access permissions:  "/var/lib/anbox/data/misc/profiles/ref/org.chromium.webview_shell/"
Inadequate access permissions:  "/var/lib/anbox/data/misc/profiles/ref/com.android.sharedstoragebackup/"
Inadequate access permissions:  "/var/lib/anbox/data/misc/profiles/ref/com.android.mms.service/"
Inadequate access permissions:  "/var/lib/anbox/data/misc/profiles/ref/com.android.wallpaper.livepicker/"
Inadequate access permissions:  "/var/lib/anbox/data/misc/profiles/ref/com.android.dreams.basic/"
Inadequate access permissions:  "/var/lib/anbox/data/misc/profiles/ref/de.robv.android.xposed.installer/"
Inadequate access permissions:  "/var/lib/anbox/data/misc/profiles/ref/com.android.providers.userdictionary/"
Inadequate access permissions:  "/var/lib/anbox/data/misc/profiles/ref/com.android.externalstorage/"
Inadequate access permissions:  "/var/lib/anbox/data/misc/profiles/ref/com.android.calendar/"
Inadequate access permissions:  "/var/lib/anbox/data/misc/profiles/ref/com.android.backupconfirm/"
Inadequate access permissions:  "/var/lib/anbox/data/misc/profiles/ref/com.android.bluetooth/"
Inadequate access permissions:  "/var/lib/anbox/data/misc/profiles/ref/com.android.systemui/"
Inadequate access permissions:  "/var/lib/anbox/data/misc/profiles/ref/com.android.wallpapercropper/"
Inadequate access permissions:  "/var/lib/anbox/data/misc/profiles/ref/com.android.providers.blockednumber/"
Inadequate access permissions:  "/var/lib/anbox/data/misc/profiles/ref/com.android.managedprovisioning/"
Inadequate access permissions:  "/var/lib/anbox/data/misc/profiles/ref/com.android.wallpaperbackup/"
Inadequate access permissions:  "/var/lib/anbox/data/misc/profiles/ref/com.android.providers.contacts/"
Inadequate access permissions:  "/var/lib/anbox/data/misc/profiles/ref/com.android.provision/"
Inadequate access permissions:  "/var/lib/anbox/data/misc/profiles/ref/com.svox.pico/"
Inadequate access permissions:  "/var/lib/anbox/data/misc/profiles/ref/com.android.documentsui/"
Inadequate access permissions:  "/var/lib/anbox/data/misc/profiles/ref/com.android.providers.settings/"
Inadequate access permissions:  "/var/lib/anbox/data/misc/profiles/ref/jp.co.omronsoft.openwnn/"
Inadequate access permissions:  "/var/lib/anbox/data/misc/profiles/ref/com.android.onetimeinitializer/"
Inadequate access permissions:  "/var/lib/anbox/data/misc/profiles/ref/com.android.gallery3d/"
Inadequate access permissions:  "/var/lib/anbox/data/misc/profiles/ref/com.android.providers.media/"
Inadequate access permissions:  "/var/lib/anbox/data/misc/profiles/ref/com.google.android.gsf/"
Inadequate access permissions:  "/var/lib/anbox/data/misc/profiles/ref/com.android.dreams.phototable/"
Inadequate access permissions:  "/var/lib/anbox/data/misc/profiles/ref/org.anbox.appmgr/"
Inadequate access permissions:  "/var/lib/anbox/data/misc/profiles/ref/com.android.printspooler/"
Inadequate access permissions:  "/var/lib/anbox/data/misc/profiles/ref/com.android.providers.downloads/"
Inadequate access permissions:  "/var/lib/anbox/data/misc/profiles/ref/com.android.webview/"
Inadequate access permissions:  "/var/lib/anbox/data/misc/profiles/ref/com.android.cts.priv.ctsshim/"
Inadequate access permissions:  "/var/lib/anbox/data/misc/profiles/ref/com.android.keychain/"
Inadequate access permissions:  "/var/lib/anbox/data/misc/profiles/ref/com.android.captiveportallogin/"
Inadequate access permissions:  "/var/lib/anbox/data/misc/profiles/ref/com.android.pacprocessor/"
Inadequate access permissions:  "/var/lib/anbox/data/misc/profiles/ref/com.google.android.gms/"
Inadequate access permissions:  "/var/lib/anbox/data/misc/profiles/ref/com.android.bluetoothmidiservice/"
Inadequate access permissions:  "/var/lib/anbox/data/misc/profiles/ref/com.android.statementservice/"
Inadequate access permissions:  "/var/lib/anbox/data/misc/profiles/ref/com.android.printservice.recommendation/"
Inadequate access permissions:  "/var/lib/anbox/data/misc/profiles/ref/com.android.providers.telephony/"
Inadequate access permissions:  "/var/lib/anbox/data/misc/profiles/ref/com.android.storagemanager/"
Inadequate access permissions:  "/var/lib/anbox/data/misc/profiles/ref/com.android.deskclock/"
Inadequate access permissions:  "/var/lib/anbox/data/misc/profiles/ref/com.android.shell/"
Inadequate access permissions:  "/var/lib/anbox/data/misc/profiles/ref/com.android.music/"
Inadequate access permissions:  "/var/lib/anbox/data/misc/profiles/ref/com.android.musicfx/"
Inadequate access permissions:  "/var/lib/anbox/data/misc/profiles/ref/com.android.htmlviewer/"
Inadequate access permissions:  "/var/lib/anbox/data/misc/profiles/ref/com.android.server.telecom/"
Inadequate access permissions:  "/var/lib/anbox/data/misc/profiles/ref/com.android.email/"
Inadequate access permissions:  "/var/lib/anbox/data/misc/profiles/ref/com.primatelabs.geekbench5/"
Inadequate access permissions:  "/var/lib/anbox/data/misc/profiles/ref/com.android.providers.downloads.ui/"
Inadequate access permissions:  "/var/lib/anbox/data/misc/profiles/ref/com.android.defcontainer/"
Inadequate access permissions:  "/var/lib/anbox/data/misc/media/"
Inadequate access permissions:  "/var/lib/anbox/data/misc/net/"
Inadequate access permissions:  "/var/lib/anbox/data/misc/dhcp/"
Inadequate access permissions:  "/var/lib/anbox/data/misc/audioserver/"
Inadequate access permissions:  "/var/lib/anbox/data/misc/bluedroid/"
Inadequate access permissions:  "/var/lib/anbox/data/misc/wifi/"
Inadequate access permissions:  "/var/lib/anbox/data/misc/shared_relro/"
Inadequate access permissions:  "/var/lib/anbox/data/misc/update_engine/"
Inadequate access permissions:  "/var/lib/anbox/cache/lost+found/"
Inadequate access permissions:  "/var/lib/udisks2/"
Inadequate access permissions:  "/var/lib/dhcpcd/"
Inadequate access permissions:  "/var/lib/machines/"
Inadequate access permissions:  "/var/lib/locate/"
Inadequate access permissions:  "/var/lib/private/"
Inadequate access permissions:  "/var/lib/nfs/sm/"
Inadequate access permissions:  "/var/lib/nfs/sm.bak/"
Inadequate access permissions:  "/var/lib/portables/"
Inadequate access permissions:  "/var/lib/bluetooth/"
Inadequate access permissions:  "/var/lib/mlocate/"
Inadequate access permissions:  "/var/lib/mysql/"
Inadequate access permissions:  "/var/lib/samba/bind-dns/"
Inadequate access permissions:  "/var/lib/samba/private/"
Inadequate access permissions:  "/var/log/audit/"
Inadequate access permissions:  "/var/log/lightdm/"
Inadequate access permissions:  "/var/log/private/"
Inadequate access permissions:  "/var/named/"
Inadequate access permissions:  "/var/spool/cups/"
Inadequate access permissions:  "/var/cache/lightdm/"
Inadequate access permissions:  "/var/cache/ldconfig/"
Inadequate access permissions:  "/var/cache/cups/"
Inadequate access permissions:  "/var/cache/private/"
Inadequate access permissions:  "/var/db/sudo/"
** Message: 22:27:45.333: No such file or directory
Inadequate access permissions:  "/home/shivanandvp/.cache/yay/jitsi-meet-desktop/pkg/"
Inadequate access permissions:  "/home/shivanandvp/.cache/yay/sdformat-9/pkg/"
Error executing command as another user: Request dismissed
First run mode (config file not found)
Selected default snapshot type: RSYNC
App config loaded: /etc/timeshift/timeshift.json
Mounted '/dev/sdb3' at '/run/timeshift/backup'
Selected default snapshot device: /dev/sdb3


/dev/sdb3 is mounted at: /run/timeshift/backup, options: rw,relatime

App config saved: /etc/timeshift/timeshift.json
App config saved: /etc/timeshift/timeshift.json
WARNING : Error getting shell mode
CRITICAL: Error getting shell version
WARNING : Could not list shell extensions
Traceback (most recent call last):
  File "/usr/lib/python3.9/site-packages/gtweak/tweaks/tweak_group_appearance.py", line 144, in __init__
    extensions = self._shell.list_extensions()
  File "/usr/lib/python3.9/site-packages/gtweak/gshellwrapper.py", line 76, in list_extensions
    return self._proxy.proxy_extensions.ListExtensions()
  File "/usr/lib/python3.9/site-packages/gi/overrides/Gio.py", line 349, in __call__
    result = self.dbus_proxy.call_sync(self.method_name, arg_variant,
gi.repository.GLib.GError: g-dbus-error-quark: GDBus.Error:org.freedesktop.DBus.Error.UnknownMethod: No such interface “org.gnome.Shell.Extensions” on object at path /org/gnome/Shell (19)
WARNING : Error loading desktopfile: /home/shivanandvp/.config/autostart/gnome-encfs-manager.desktop
WARNING : Error loading desktopfile: /home/shivanandvp/.config/autostart/FDM.desktop

(budgie-panel:19666): Gtk-WARNING **: 23:07:09.857: Theme parsing error: gtk.css:65:46: The style property GtkScrolledWindow:scrollbars-within-bevel is deprecated and shouldn't be used anymore. It will be removed in a future version

(gnome-tweaks:39097): Gtk-WARNING **: 23:07:09.926: Theme parsing error: gtk.css:65:46: The style property GtkScrolledWindow:scrollbars-within-bevel is deprecated and shouldn't be used anymore. It will be removed in a future version
WARNING : Error getting shell mode
CRITICAL: Error getting shell version
WARNING : Could not list shell extensions
Traceback (most recent call last):
  File "/usr/lib/python3.9/site-packages/gtweak/tweaks/tweak_group_appearance.py", line 144, in __init__
    extensions = self._shell.list_extensions()
  File "/usr/lib/python3.9/site-packages/gtweak/gshellwrapper.py", line 76, in list_extensions
    return self._proxy.proxy_extensions.ListExtensions()
  File "/usr/lib/python3.9/site-packages/gi/overrides/Gio.py", line 349, in __call__
    result = self.dbus_proxy.call_sync(self.method_name, arg_variant,
gi.repository.GLib.GError: g-dbus-error-quark: GDBus.Error:org.freedesktop.DBus.Error.UnknownMethod: No such interface “org.gnome.Shell.Extensions” on object at path /org/gnome/Shell (19)
WARNING : Error loading desktopfile: /home/shivanandvp/.config/autostart/gnome-encfs-manager.desktop
WARNING : Error loading desktopfile: /home/shivanandvp/.config/autostart/FDM.desktop
** Message: 23:09:52.077: settings_main.vala:151: Acquired org.budgie_desktop.Settings DBus connection
